[Message:   BepInEx] BepInEx 5.4.22.0 - Supermarket Simulator (3/19/2024 12:25:04 PM)
[Info   :   BepInEx] Running under Unity v2021.3.31.3410402
[Info   :   BepInEx] CLR runtime version: 4.0.30319.42000
[Info   :   BepInEx] Supports SRE: True
[Info   :   BepInEx] System platform: Bits64, Windows
[Message:   BepInEx] Preloader started
[Info   :   BepInEx] Loaded 1 patcher method from [BepInEx.Preloader 5.4.22.0]
[Info   :   BepInEx] 1 patcher plugin loaded
[Info   :   BepInEx] Patching [UnityEngine.CoreModule] with [BepInEx.Chainloader]
[Message:   BepInEx] Preloader finished
[Message:   BepInEx] Chainloader ready
[Message:   BepInEx] Chainloader started
[Info   :   BepInEx] 1 plugin to load
[Info   :   BepInEx] Loading [Crowd Control 1.0.0.0]
[Info   :Crowd Control] Loaded WarpWorld.CrowdControl. Patching.
[Info   :Crowd Control] Initializing Crowd Control
[Info   :Crowd Control] Crowd Control Initialized
[Message:   BepInEx] Chainloader startup complete
[Info   :Crowd Control] Attempting to connect to Crowd Control
[Info   :Crowd Control] Connected to Crowd Control
[Info   :Crowd Control] Disconnected from Crowd Control
[Info   :Crowd Control] Disconnected from Crowd Control
[Info   :Crowd Control] Attempting to connect to Crowd Control
[Info   :Crowd Control] Connected to Crowd Control
[Info   :Crowd Control] displays: 3
[Info   :Crowd Control] slots: 8
[Info   :Crowd Control] slots: 8
[Info   :Crowd Control] slots: 10
[Info   :Crowd Control] displays: 3
[Info   :Crowd Control] slots: 8
[Info   :Crowd Control] slots: 8
[Info   :Crowd Control] slots: 10
[Info   :Crowd Control] displays: 3
[Info   :Crowd Control] slots: 8
[Info   :Crowd Control] slots: 8
[Info   :Crowd Control] slots: 10
[Info   :Crowd Control] displays: 3
[Info   :Crowd Control] slots: 8
[Info   :Crowd Control] slots: 8
[Info   :Crowd Control] slots: 10
[Info   :Crowd Control] displays: 3
[Info   :Crowd Control] slots: 8
[Info   :Crowd Control] slots: 8
[Info   :Crowd Control] slots: 10
[Info   :Crowd Control] displays: 3
[Info   :Crowd Control] slots: 8
[Info   :Crowd Control] slots: 8
[Info   :Crowd Control] slots: 10
[Info   :Crowd Control] displays: 3
[Info   :Crowd Control] slots: 8
[Info   :Crowd Control] slots: 8
[Info   :Crowd Control] slots: 10
[Info   :Crowd Control] Crowd Control Error: System.ArgumentOutOfRangeException: Index was out of range. Must be non-negative and less than the size of the collection.
Parameter name: index
  at System.Collections.Generic.List`1[T].get_Item (System.Int32 index) [0x00009] in <afe256a0391e468fbcdb82154daad696>:0 
  at BepinControl.CrowdDelegates+<>c__DisplayClass29_0.<FireRestocker>b__0 () [0x00007] in <168527371a104bacad53924979f09aac>:0 
[Info   :Crowd Control] displays: 3
[Info   :Crowd Control] slots: 8
[Info   :Crowd Control] slots: 8
[Info   :Crowd Control] slots: 10
[Info   :Crowd Control] displays: 3
[Info   :Crowd Control] slots: 8
[Info   :Crowd Control] slots: 8
[Info   :Crowd Control] slots: 10
[Info   :Crowd Control] displays: 3
[Info   :Crowd Control] slots: 8
[Info   :Crowd Control] slots: 8
[Info   :Crowd Control] slots: 10
[Info   :Crowd Control] displays: 3
[Info   :Crowd Control] slots: 8
[Info   :Crowd Control] slots: 8
[Info   :Crowd Control] slots: 10
[Info   :Crowd Control] displays: 3
[Info   :Crowd Control] slots: 8
[Info   :Crowd Control] slots: 8
[Info   :Crowd Control] slots: 10
[Info   :Crowd Control] displays: 3
[Info   :Crowd Control] slots: 8
[Info   :Crowd Control] slots: 8
[Info   :Crowd Control] slots: 10
[Info   :Crowd Control] displays: 3
[Info   :Crowd Control] slots: 8
[Info   :Crowd Control] slots: 8
[Info   :Crowd Control] slots: 10
[Info   :Crowd Control] displays: 3
[Info   :Crowd Control] slots: 8
[Info   :Crowd Control] slots: 8
[Info   :Crowd Control] slots: 10
[Info   :Crowd Control] displays: 3
[Info   :Crowd Control] slots: 8
[Info   :Crowd Control] slots: 8
[Info   :Crowd Control] slots: 10
[Info   :Crowd Control] displays: 3
[Info   :Crowd Control] slots: 8
[Info   :Crowd Control] slots: 8
[Info   :Crowd Control] slots: 10
[Info   :Crowd Control] displays: 3
[Info   :Crowd Control] slots: 8
[Info   :Crowd Control] slots: 8
[Info   :Crowd Control] slots: 10
[Info   :Crowd Control] displays: 3
[Info   :Crowd Control] slots: 8
[Info   :Crowd Control] slots: 8
[Info   :Crowd Control] slots: 10
[Info   :Crowd Control] displays: 3
[Info   :Crowd Control] slots: 8
[Info   :Crowd Control] slots: 8
[Info   :Crowd Control] slots: 10
[Info   :Crowd Control] displays: 3
[Info   :Crowd Control] slots: 8
[Info   :Crowd Control] slots: 8
[Info   :Crowd Control] slots: 10
[Info   :Crowd Control] displays: 3
[Info   :Crowd Control] slots: 8
[Info   :Crowd Control] slots: 8
[Info   :Crowd Control] slots: 10
[Info   :Crowd Control] displays: 3
[Info   :Crowd Control] slots: 8
[Info   :Crowd Control] slots: 8
[Info   :Crowd Control] slots: 10
[Info   :Crowd Control] displays: 3
[Info   :Crowd Control] slots: 8
[Info   :Crowd Control] slots: 8
[Info   :Crowd Control] slots: 10
[Info   :Crowd Control] displays: 3
[Info   :Crowd Control] slots: 8
[Info   :Crowd Control] slots: 8
[Info   :Crowd Control] slots: 10
[Info   :Crowd Control] displays: 3
[Info   :Crowd Control] slots: 8
[Info   :Crowd Control] slots: 8
[Info   :Crowd Control] slots: 10
[Info   :Crowd Control] displays: 3
[Info   :Crowd Control] slots: 8
[Info   :Crowd Control] slots: 8
[Info   :Crowd Control] slots: 10
[Info   :Crowd Control] displays: 3
[Info   :Crowd Control] slots: 8
[Info   :Crowd Control] slots: 8
[Info   :Crowd Control] slots: 10
[Info   :Crowd Control] displays: 3
[Info   :Crowd Control] slots: 8
[Info   :Crowd Control] slots: 8
[Info   :Crowd Control] slots: 10
[Info   :Crowd Control] displays: 3
[Info   :Crowd Control] slots: 8
[Info   :Crowd Control] slots: 8
[Info   :Crowd Control] slots: 10
[Info   :Crowd Control] displays: 3
[Info   :Crowd Control] slots: 8
[Info   :Crowd Control] slots: 8
[Info   :Crowd Control] slots: 10
[Info   :Crowd Control] displays: 3
[Info   :Crowd Control] slots: 8
[Info   :Crowd Control] slots: 8
[Info   :Crowd Control] slots: 10
[Info   :Crowd Control] displays: 3
[Info   :Crowd Control] slots: 8
[Info   :Crowd Control] slots: 8
[Info   :Crowd Control] slots: 10
[Info   :Crowd Control] displays: 3
[Info   :Crowd Control] slots: 8
[Info   :Crowd Control] slots: 8
[Info   :Crowd Control] slots: 10
[Info   :Crowd Control] displays: 3
[Info   :Crowd Control] slots: 8
[Info   :Crowd Control] slots: 8
[Info   :Crowd Control] slots: 10
[Info   :Crowd Control] displays: 3
[Info   :Crowd Control] slots: 8
[Info   :Crowd Control] slots: 8
[Info   :Crowd Control] slots: 10
[Info   :Crowd Control] displays: 3
[Info   :Crowd Control] slots: 8
[Info   :Crowd Control] slots: 8
[Info   :Crowd Control] slots: 10
[Info   :Crowd Control] displays: 3
[Info   :Crowd Control] slots: 8
[Info   :Crowd Control] slots: 8
[Info   :Crowd Control] slots: 10
[Info   :Crowd Control] displays: 3
[Info   :Crowd Control] slots: 8
[Info   :Crowd Control] slots: 8
[Info   :Crowd Control] slots: 10
[Info   :Crowd Control] displays: 3
[Info   :Crowd Control] slots: 8
[Info   :Crowd Control] slots: 8
[Info   :Crowd Control] slots: 10
[Info   :Crowd Control] displays: 3
[Info   :Crowd Control] slots: 8
[Info   :Crowd Control] slots: 8
[Info   :Crowd Control] slots: 10
[Info   :Crowd Control] displays: 3
[Info   :Crowd Control] slots: 8
[Info   :Crowd Control] slots: 8
[Info   :Crowd Control] slots: 10
[Info   :Crowd Control] displays: 3
[Info   :Crowd Control] slots: 8
[Info   :Crowd Control] slots: 8
[Info   :Crowd Control] slots: 10
[Info   :Crowd Control] displays: 3
[Info   :Crowd Control] slots: 8
[Info   :Crowd Control] slots: 8
[Info   :Crowd Control] slots: 10
[Info   :Crowd Control] displays: 3
[Info   :Crowd Control] slots: 8
[Info   :Crowd Control] slots: 8
[Info   :Crowd Control] slots: 10
[Info   :Crowd Control] displays: 3
[Info   :Crowd Control] slots: 8
[Info   :Crowd Control] slots: 8
[Info   :Crowd Control] slots: 10
[Info   :Crowd Control] displays: 3
[Info   :Crowd Control] slots: 8
[Info   :Crowd Control] slots: 8
[Info   :Crowd Control] slots: 10
[Info   :Crowd Control] displays: 3
[Info   :Crowd Control] slots: 8
[Info   :Crowd Control] slots: 8
[Info   :Crowd Control] slots: 10
[Info   :Crowd Control] displays: 3
[Info   :Crowd Control] slots: 8
[Info   :Crowd Control] slots: 8
[Info   :Crowd Control] slots: 10
[Info   :Crowd Control] displays: 3
[Info   :Crowd Control] slots: 8
[Info   :Crowd Control] slots: 8
[Info   :Crowd Control] slots: 10
[Info   :Crowd Control] displays: 3
[Info   :Crowd Control] slots: 8
[Info   :Crowd Control] slots: 8
[Info   :Crowd Control] slots: 10
[Info   :Crowd Control] displays: 3
[Info   :Crowd Control] slots: 8
[Info   :Crowd Control] slots: 8
[Info   :Crowd Control] slots: 10
[Info   :Crowd Control] displays: 3
[Info   :Crowd Control] slots: 8
[Info   :Crowd Control] slots: 8
[Info   :Crowd Control] slots: 10
[Info   :Crowd Control] displays: 3
[Info   :Crowd Control] slots: 8
[Info   :Crowd Control] slots: 8
[Info   :Crowd Control] slots: 10
[Info   :Crowd Control] displays: 3
[Info   :Crowd Control] slots: 8
[Info   :Crowd Control] slots: 8
[Info   :Crowd Control] slots: 10
[Info   :Crowd Control] displays: 3
[Info   :Crowd Control] slots: 8
[Info   :Crowd Control] slots: 8
[Info   :Crowd Control] slots: 10
[Info   :Crowd Control] displays: 3
[Info   :Crowd Control] slots: 8
[Info   :Crowd Control] slots: 8
[Info   :Crowd Control] slots: 10
[Info   :Crowd Control] displays: 3
[Info   :Crowd Control] slots: 8
[Info   :Crowd Control] slots: 8
[Info   :Crowd Control] slots: 10
[Info   :Crowd Control] displays: 3
[Info   :Crowd Control] slots: 8
[Info   :Crowd Control] slots: 8
[Info   :Crowd Control] slots: 10
[Info   :Crowd Control] displays: 3
[Info   :Crowd Control] slots: 8
[Info   :Crowd Control] slots: 8
[Info   :Crowd Control] slots: 10
[Info   :Crowd Control] Disconnected from Crowd Control
[Info   :Crowd Control] Disconnected from Crowd Control
[Info   :Crowd Control] ThreadAbortException
[Info   :Crowd Control] Failed to connect to Crowd Control
